2024-08-24 09:25:01,790 [INFO] Activator:176 - 


2024-08-24 09:25:01,820 [INFO] Activator:177 - !SESSION log4j initialized
2024-08-24 09:25:20,867 [INFO] LogOutputStream:77 - [STDOUT_REDIRECT] 
2024-08-24 09:25:29,019 [ERROR] ConfigurationRetriever:142 - IOException on connection: Connect timed out
2024-08-24 09:25:31,026 [ERROR] ConfigurationRetriever:142 - IOException on connection: Connect timed out
2024-08-24 09:25:31,512 [INFO] ApplicationProperties:184 - Using Application install path: C:\ST\STM32CubeIDE_1.13.2\STM32CubeIDE\plugins\com.st.stm32cube.common.mx_6.9.2.202309101412
2024-08-24 09:25:31,566 [INFO] DbMcusXml:78 - Set database path to: C:\ST\STM32CubeIDE_1.13.2\STM32CubeIDE\plugins\com.st.stm32cube.common.mx_6.9.2.202309101412\\db\/mcu/
2024-08-24 09:25:31,568 [INFO] ApiDb:274 - Set plugin database path to: C:\ST\STM32CubeIDE_1.13.2\STM32CubeIDE\plugins\com.st.stm32cube.common.mx_6.9.2.202309101412\\db\/plugins/boardmanager/
2024-08-24 09:25:31,569 [WARN] ApiDb:259 - Overriding images path with different value:  => C:\ST\STM32CubeIDE_1.13.2\STM32CubeIDE\plugins\com.st.stm32cube.common.mx_6.9.2.202309101412\\db\/plugins/mcufinder/images/
2024-08-24 09:25:31,631 [INFO] ApiDb:250 - Set database path to: C:\Users\HP\.stmcufinder\plugins\mcufinder//mcu/
2024-08-24 09:25:31,635 [INFO] DbMcusAds:125 - Set database path to: C:\Users\HP\.stmcufinder\plugins\mcufinder//mcu/
2024-08-24 09:25:32,148 [INFO] CrossReferenceDbSqlite:203 - Set database path to: C:\Users\HP\.stmcufinder\plugins\mcufinder//mcu/cs/
2024-08-24 09:25:32,632 [INFO] RulesReader:64 - Compatibility file has been processed (293 Rules)
2024-08-24 09:25:32,984 [INFO] DbMcusXml:78 - Set database path to: C:\ST\STM32CubeIDE_1.13.2\STM32CubeIDE\plugins\com.st.stm32cube.common.mx_6.9.2.202309101412\\db\/mcu/
2024-08-24 09:25:32,984 [INFO] ApiDb:274 - Set plugin database path to: C:\ST\STM32CubeIDE_1.13.2\STM32CubeIDE\plugins\com.st.stm32cube.common.mx_6.9.2.202309101412\\db\/plugins/boardmanager/
2024-08-24 09:25:32,985 [INFO] ApiDb:261 - Set plugin images path to: C:\ST\STM32CubeIDE_1.13.2\STM32CubeIDE\plugins\com.st.stm32cube.common.mx_6.9.2.202309101412\\db\/plugins/mcufinder/images/
2024-08-24 09:25:32,985 [WARN] DbFile:41 - Overriding database path with different value: C:\Users\HP\.stmcufinder\plugins\mcufinder/ => C:\Users\HP\.stmcufinder\plugins\mcufinder
2024-08-24 09:25:32,986 [INFO] ApiDb:250 - Set database path to: C:\Users\HP\.stmcufinder\plugins\mcufinder//mcu/
2024-08-24 09:25:32,986 [WARN] DbFile:41 - Overriding database path with different value: C:\Users\HP\.stmcufinder\plugins\mcufinder/ => C:\Users\HP\.stmcufinder\plugins\mcufinder
2024-08-24 09:25:32,986 [INFO] DbMcusAds:125 - Set database path to: C:\Users\HP\.stmcufinder\plugins\mcufinder//mcu/
2024-08-24 09:25:32,986 [WARN] DbFile:41 - Overriding database path with different value: C:\Users\HP\.stmcufinder\plugins\mcufinder/ => C:\Users\HP\.stmcufinder\plugins\mcufinder
2024-08-24 09:25:32,986 [WARN] DbFile:41 - Overriding database path with different value: C:\Users\HP\.stmcufinder\plugins\mcufinder/ => C:\Users\HP\.stmcufinder\plugins\mcufinder
2024-08-24 09:25:33,649 [INFO] CrossReferenceDbSqlite:203 - Set database path to: C:\Users\HP\.stmcufinder\plugins\mcufinder//mcu/cs/
2024-08-24 09:25:34,083 [INFO] MainPanel:262 - HeapMemory: 268435456
2024-08-24 09:25:34,353 [INFO] DbMcusXml:78 - Set database path to: C:\ST\STM32CubeIDE_1.13.2\STM32CubeIDE\plugins\com.st.stm32cube.common.mx_6.9.2.202309101412\\db\/mcu/
2024-08-24 09:25:34,353 [INFO] ApiDb:274 - Set plugin database path to: C:\ST\STM32CubeIDE_1.13.2\STM32CubeIDE\plugins\com.st.stm32cube.common.mx_6.9.2.202309101412\\db\/plugins/boardmanager/
2024-08-24 09:25:34,353 [INFO] ApiDb:261 - Set plugin images path to: C:\ST\STM32CubeIDE_1.13.2\STM32CubeIDE\plugins\com.st.stm32cube.common.mx_6.9.2.202309101412\\db\/plugins/mcufinder/images/
2024-08-24 09:25:34,355 [WARN] DbFile:41 - Overriding database path with different value: C:\Users\HP\.stmcufinder\plugins\mcufinder/ => C:\Users\HP\.stmcufinder\plugins\mcufinder
2024-08-24 09:25:34,355 [INFO] ApiDb:250 - Set database path to: C:\Users\HP\.stmcufinder\plugins\mcufinder//mcu/
2024-08-24 09:25:34,356 [WARN] DbFile:41 - Overriding database path with different value: C:\Users\HP\.stmcufinder\plugins\mcufinder/ => C:\Users\HP\.stmcufinder\plugins\mcufinder
2024-08-24 09:25:34,356 [INFO] DbMcusAds:125 - Set database path to: C:\Users\HP\.stmcufinder\plugins\mcufinder//mcu/
2024-08-24 09:25:34,356 [WARN] DbFile:41 - Overriding database path with different value: C:\Users\HP\.stmcufinder\plugins\mcufinder/ => C:\Users\HP\.stmcufinder\plugins\mcufinder
2024-08-24 09:25:34,356 [WARN] DbFile:41 - Overriding database path with different value: C:\Users\HP\.stmcufinder\plugins\mcufinder/ => C:\Users\HP\.stmcufinder\plugins\mcufinder
2024-08-24 09:25:35,147 [INFO] CrossReferenceDbSqlite:203 - Set database path to: C:\Users\HP\.stmcufinder\plugins\mcufinder//mcu/cs/
2024-08-24 09:25:35,233 [INFO] ApplicationProperties:184 - Using Application install path: C:\ST\STM32CubeIDE_1.13.2\STM32CubeIDE\plugins\com.st.stm32cube.common.mx_6.9.2.202309101412
2024-08-24 09:25:35,238 [INFO] PluginManage:196 - Search for loadable plugins [exclusion list=, ]
2024-08-24 09:25:35,246 [INFO] PluginManage:310 - Check plugin analytics
2024-08-24 09:25:41,003 [INFO] AnalyticsPlugin:253 - Accepted Software Licenses: STM32CubeMX.6.10.0
2024-08-24 09:25:41,005 [INFO] AnalyticsPlugin:255 - Accepted CMSIS Pack Licenses: 
2024-08-24 09:25:41,006 [INFO] AnalyticsPlugin:257 - Accepted Firmware Licenses: FW.F4.1.27.0,FW.F4.1.28.0
2024-08-24 09:25:41,015 [INFO] PluginManage:359 - Loaded plugin analytics (category:tool,tabindex:-1)
2024-08-24 09:25:41,018 [INFO] PluginManage:310 - Check plugin cadmodel
2024-08-24 09:25:41,060 [INFO] CADModel:105 - Init CAD model plugin
2024-08-24 09:25:41,060 [INFO] PluginManage:359 - Loaded plugin cadmodel (category:power,tabindex:5)
2024-08-24 09:25:41,061 [INFO] PluginManage:310 - Check plugin clock
2024-08-24 09:25:41,104 [INFO] PluginManage:359 - Loaded plugin clock (category:base,tabindex:2)
2024-08-24 09:25:41,104 [INFO] PluginManage:310 - Check plugin ddr
2024-08-24 09:25:41,109 [INFO] PluginManage:359 - Loaded plugin ddr (category:tool,tabindex:6)
2024-08-24 09:25:41,109 [INFO] PluginManage:310 - Check plugin filemanager
2024-08-24 09:25:42,046 [INFO] PluginManage:359 - Loaded plugin filemanager (category:base,tabindex:10)
2024-08-24 09:25:42,047 [INFO] PluginManage:310 - Check plugin ipmanager
2024-08-24 09:25:42,090 [INFO] PluginManage:359 - Loaded plugin ipmanager (category:base,tabindex:5)
2024-08-24 09:25:42,091 [INFO] PluginManage:310 - Check plugin lpbam
2024-08-24 09:25:42,181 [INFO] PluginManage:359 - Loaded plugin lpbam (category:base,tabindex:0)
2024-08-24 09:25:42,181 [INFO] PluginManage:310 - Check plugin memorymap
2024-08-24 09:25:42,322 [INFO] PluginManage:359 - Loaded plugin memorymap (category:base,tabindex:4)
2024-08-24 09:25:42,323 [INFO] PluginManage:310 - Check plugin pinoutandconfiguration
2024-08-24 09:25:42,410 [INFO] PluginManage:359 - Loaded plugin pinoutandconfiguration (category:base,tabindex:1)
2024-08-24 09:25:42,411 [INFO] PluginManage:310 - Check plugin pinoutconfig
2024-08-24 09:25:42,893 [WARN] SupportedApi:132 - Cannot load RTOS API schema: s4s-elt-must-match.1: The content of 'definitions' must match (annotation?, (simpleType | complexType)?, (unique | key | keyref)*)). A problem was found starting at: attribute.
2024-08-24 09:25:43,253 [INFO] PluginManage:359 - Loaded plugin pinoutconfig (category:base,tabindex:0)
2024-08-24 09:25:43,253 [INFO] PluginManage:310 - Check plugin power
2024-08-24 09:25:43,306 [INFO] PluginManage:359 - Loaded plugin power (category:power,tabindex:4)
2024-08-24 09:25:43,306 [INFO] PluginManage:310 - Check plugin projectmanager
2024-08-24 09:25:43,346 [INFO] PluginManage:359 - Loaded plugin projectmanager (category:projectmanager,tabindex:3)
2024-08-24 09:25:43,346 [INFO] PluginManage:310 - Check plugin thirdparty
2024-08-24 09:25:44,309 [WARN] IntegrityCheckThread:84 - waiting for thirdparty lock release [integrity check]
2024-08-24 09:25:44,309 [INFO] PluginManage:359 - Loaded plugin thirdparty (category:base,tabindex:-1)
2024-08-24 09:25:44,309 [INFO] IntegrityCheckThread:86 - entering critical section [integrity check]
2024-08-24 09:25:44,310 [INFO] PluginManage:310 - Check plugin tools
2024-08-24 09:25:44,311 [INFO] ThirdPartyUpdaterWithRetryManager:70 - Updater plugin not ready yet. [1/15]
2024-08-24 09:25:44,430 [INFO] PluginManage:359 - Loaded plugin tools (category:base,tabindex:7)
2024-08-24 09:25:44,430 [INFO] PluginManage:310 - Check plugin tutovideos
2024-08-24 09:25:45,257 [INFO] PluginManage:359 - Loaded plugin tutovideos (category:base,tabindex:-1)
2024-08-24 09:25:45,257 [INFO] PluginManage:310 - Check plugin updater
2024-08-24 09:25:45,287 [INFO] PluginManage:359 - Loaded plugin updater (category:base,tabindex:12)
2024-08-24 09:25:45,288 [INFO] PluginManage:310 - Check plugin userauth
2024-08-24 09:25:45,303 [INFO] UserAuth:113 - Init User Auth plugin
2024-08-24 09:25:45,304 [INFO] PluginManage:359 - Loaded plugin userauth (category:base,tabindex:14)
2024-08-24 09:25:45,305 [INFO] PluginManage:283 - PluginManage : Loaded plugins [17]
2024-08-24 09:25:46,277 [INFO] PinOutPanel:1499 - setPackage(No Configuration,No Configuration)
2024-08-24 09:25:46,801 [INFO] CADModel:165 - CPN selected for project level
2024-08-24 09:25:46,802 [INFO] CADModel:114 - Register for checkConnection events
2024-08-24 09:25:46,909 [INFO] IPUIPlugin:80 - create IPUIPlugin
2024-08-24 09:25:46,911 [INFO] PluginManager:220 - loadIPPluginJar : add adc
2024-08-24 09:25:47,084 [INFO] IPUIPlugin:80 - create IPUIPlugin
2024-08-24 09:25:47,085 [INFO] PluginManager:220 - loadIPPluginJar : add aes
2024-08-24 09:25:47,281 [INFO] IPUIPlugin:80 - create IPUIPlugin
2024-08-24 09:25:47,282 [INFO] PluginManager:220 - loadIPPluginJar : add can
2024-08-24 09:25:47,313 [INFO] ThirdPartyUpdaterWithRetryManager:70 - Updater plugin not ready yet. [2/15]
2024-08-24 09:25:47,387 [INFO] IPUIPlugin:80 - create IPUIPlugin
2024-08-24 09:25:47,388 [INFO] PluginManager:220 - loadIPPluginJar : add comp
2024-08-24 09:25:47,547 [INFO] IPUIPlugin:80 - create IPUIPlugin
2024-08-24 09:25:47,547 [INFO] PluginManager:220 - loadIPPluginJar : add cryp
2024-08-24 09:25:47,622 [INFO] IPUIPlugin:80 - create IPUIPlugin
2024-08-24 09:25:47,622 [INFO] PluginManager:220 - loadIPPluginJar : add dfsdm
2024-08-24 09:25:47,649 [INFO] IPUIPlugin:80 - create IPUIPlugin
2024-08-24 09:25:47,649 [INFO] PluginManager:220 - loadIPPluginJar : add dma
2024-08-24 09:25:47,736 [INFO] IPUIPlugin:80 - create IPUIPlugin
2024-08-24 09:25:47,736 [INFO] PluginManager:220 - loadIPPluginJar : add dma3
2024-08-24 09:25:47,781 [INFO] IPUIPlugin:80 - create IPUIPlugin
2024-08-24 09:25:47,781 [INFO] PluginManager:220 - loadIPPluginJar : add fatfs
2024-08-24 09:25:47,925 [INFO] IPUIPlugin:80 - create IPUIPlugin
2024-08-24 09:25:47,925 [INFO] PluginManager:220 - loadIPPluginJar : add fmc
2024-08-24 09:25:47,961 [INFO] IPUIPlugin:80 - create IPUIPlugin
2024-08-24 09:25:47,961 [INFO] PluginManager:220 - loadIPPluginJar : add freertos
2024-08-24 09:25:48,019 [INFO] IPUIPlugin:80 - create IPUIPlugin
2024-08-24 09:25:48,019 [INFO] PluginManager:220 - loadIPPluginJar : add genericplugin
2024-08-24 09:25:48,319 [INFO] IPUIPlugin:80 - create IPUIPlugin
2024-08-24 09:25:48,320 [INFO] PluginManager:220 - loadIPPluginJar : add gfxmmu
2024-08-24 09:25:48,647 [INFO] IPUIPlugin:80 - create IPUIPlugin
2024-08-24 09:25:48,647 [INFO] PluginManager:220 - loadIPPluginJar : add gic
2024-08-24 09:25:48,674 [INFO] IPUIPlugin:80 - create IPUIPlugin
2024-08-24 09:25:48,674 [INFO] PluginManager:220 - loadIPPluginJar : add gpio
2024-08-24 09:25:48,852 [INFO] IPUIPlugin:80 - create IPUIPlugin
2024-08-24 09:25:48,852 [INFO] PluginManager:220 - loadIPPluginJar : add gtzc
2024-08-24 09:25:48,981 [INFO] IPUIPlugin:80 - create IPUIPlugin
2024-08-24 09:25:48,982 [INFO] PluginManager:220 - loadIPPluginJar : add hash
2024-08-24 09:25:49,108 [INFO] IPUIPlugin:80 - create IPUIPlugin
2024-08-24 09:25:49,108 [INFO] PluginManager:220 - loadIPPluginJar : add i2c
2024-08-24 09:25:49,191 [INFO] IPUIPlugin:80 - create IPUIPlugin
2024-08-24 09:25:49,191 [INFO] PluginManager:220 - loadIPPluginJar : add i2s
2024-08-24 09:25:49,345 [INFO] IPUIPlugin:80 - create IPUIPlugin
2024-08-24 09:25:49,346 [INFO] PluginManager:220 - loadIPPluginJar : add i3c
2024-08-24 09:25:49,765 [INFO] IPUIPlugin:80 - create IPUIPlugin
2024-08-24 09:25:49,766 [INFO] PluginManager:220 - loadIPPluginJar : add ipddr
2024-08-24 09:25:50,043 [INFO] IPUIPlugin:80 - create IPUIPlugin
2024-08-24 09:25:50,044 [INFO] PluginManager:220 - loadIPPluginJar : add linkedlist
2024-08-24 09:25:50,109 [INFO] IPUIPlugin:80 - create IPUIPlugin
2024-08-24 09:25:50,110 [INFO] PluginManager:220 - loadIPPluginJar : add lorawan
2024-08-24 09:25:50,200 [INFO] IPUIPlugin:80 - create IPUIPlugin
2024-08-24 09:25:50,200 [INFO] PluginManager:220 - loadIPPluginJar : add ltdc
2024-08-24 09:25:50,258 [INFO] IPUIPlugin:80 - create IPUIPlugin
2024-08-24 09:25:50,259 [INFO] PluginManager:220 - loadIPPluginJar : add mdma
2024-08-24 09:25:50,283 [INFO] IPUIPlugin:80 - create IPUIPlugin
2024-08-24 09:25:50,283 [INFO] PluginManager:220 - loadIPPluginJar : add nvic
2024-08-24 09:25:50,315 [INFO] ThirdPartyUpdaterWithRetryManager:70 - Updater plugin not ready yet. [3/15]
2024-08-24 09:25:50,371 [INFO] IPUIPlugin:80 - create IPUIPlugin
2024-08-24 09:25:50,371 [INFO] PluginManager:220 - loadIPPluginJar : add opamp
2024-08-24 09:25:50,525 [INFO] IPUIPlugin:80 - create IPUIPlugin
2024-08-24 09:25:50,526 [INFO] PluginManager:220 - loadIPPluginJar : add openamp
2024-08-24 09:25:50,670 [INFO] IPUIPlugin:80 - create IPUIPlugin
2024-08-24 09:25:50,670 [INFO] PluginManager:220 - loadIPPluginJar : add pdm2pcm
2024-08-24 09:25:50,720 [INFO] IPUIPlugin:80 - create IPUIPlugin
2024-08-24 09:25:50,729 [INFO] PluginManager:220 - loadIPPluginJar : add plateformsettings
2024-08-24 09:25:50,813 [INFO] IPUIPlugin:80 - create IPUIPlugin
2024-08-24 09:25:50,814 [INFO] PluginManager:220 - loadIPPluginJar : add quadspi
2024-08-24 09:25:50,869 [INFO] IPUIPlugin:80 - create IPUIPlugin
2024-08-24 09:25:50,869 [INFO] PluginManager:220 - loadIPPluginJar : add resmgrutility
2024-08-24 09:25:51,075 [INFO] IPUIPlugin:80 - create IPUIPlugin
2024-08-24 09:25:51,075 [INFO] PluginManager:220 - loadIPPluginJar : add sai
2024-08-24 09:25:51,227 [INFO] IPUIPlugin:80 - create IPUIPlugin
2024-08-24 09:25:51,228 [INFO] PluginManager:220 - loadIPPluginJar : add spi
2024-08-24 09:25:51,414 [INFO] IPUIPlugin:80 - create IPUIPlugin
2024-08-24 09:25:51,414 [INFO] PluginManager:220 - loadIPPluginJar : add stm32_wpan
2024-08-24 09:25:51,468 [INFO] IPUIPlugin:80 - create IPUIPlugin
2024-08-24 09:25:51,468 [INFO] PluginManager:220 - loadIPPluginJar : add tim
2024-08-24 09:25:51,601 [INFO] IPUIPlugin:80 - create IPUIPlugin
2024-08-24 09:25:51,601 [INFO] PluginManager:220 - loadIPPluginJar : add touchsensing
2024-08-24 09:25:51,659 [INFO] IPUIPlugin:80 - create IPUIPlugin
2024-08-24 09:25:51,659 [INFO] PluginManager:220 - loadIPPluginJar : add tracer_emb
2024-08-24 09:25:51,725 [INFO] IPUIPlugin:80 - create IPUIPlugin
2024-08-24 09:25:51,725 [INFO] PluginManager:220 - loadIPPluginJar : add ts
2024-08-24 09:25:51,783 [INFO] IPUIPlugin:80 - create IPUIPlugin
2024-08-24 09:25:51,783 [INFO] PluginManager:220 - loadIPPluginJar : add tsc
2024-08-24 09:25:51,837 [INFO] IPUIPlugin:80 - create IPUIPlugin
2024-08-24 09:25:51,837 [INFO] PluginManager:220 - loadIPPluginJar : add ucpd
2024-08-24 09:25:51,929 [INFO] IPUIPlugin:80 - create IPUIPlugin
2024-08-24 09:25:51,929 [INFO] PluginManager:220 - loadIPPluginJar : add usart
2024-08-24 09:25:52,019 [INFO] IPUIPlugin:80 - create IPUIPlugin
2024-08-24 09:25:52,019 [INFO] PluginManager:220 - loadIPPluginJar : add usbx
2024-08-24 09:25:52,233 [INFO] CADModel:165 - CPN selected for project level
2024-08-24 09:25:52,233 [INFO] CADModel:114 - Register for checkConnection events
2024-08-24 09:25:52,233 [FATAL] Updater:308 - Updater called before beeing initialized
2024-08-24 09:25:52,234 [ERROR] CADModel:125 - Updater not yet initialized, retry later 
2024-08-24 09:25:52,628 [INFO] CADModel:165 - CPN selected for project level
2024-08-24 09:25:52,629 [INFO] CADModel:114 - Register for checkConnection events
2024-08-24 09:25:52,629 [FATAL] Updater:308 - Updater called before beeing initialized
2024-08-24 09:25:52,629 [ERROR] CADModel:125 - Updater not yet initialized, retry later 
2024-08-24 09:25:52,640 [FATAL] Updater:308 - Updater called before beeing initialized
2024-08-24 09:25:52,984 [FATAL] Updater:308 - Updater called before beeing initialized
2024-08-24 09:25:53,015 [INFO] DbMcusAds:53 - JSON generation date=Wed Nov 29 17:52:27 ICT 2023 (1701255147349)
2024-08-24 09:25:53,015 [FATAL] Updater:308 - Updater called before beeing initialized
2024-08-24 09:25:53,263 [WARN] DetailPanel:346 - Failed to get advertising image, set to default
2024-08-24 09:25:53,317 [INFO] ThirdPartyUpdaterWithRetryManager:70 - Updater plugin not ready yet. [4/15]
2024-08-24 09:25:53,591 [FATAL] Updater:308 - Updater called before beeing initialized
2024-08-24 09:25:53,597 [FATAL] Updater:308 - Updater called before beeing initialized
2024-08-24 09:25:53,597 [FATAL] Updater:308 - Updater called before beeing initialized
2024-08-24 09:25:53,597 [WARN] DetailPanel:346 - Failed to get advertising image, set to default
2024-08-24 09:25:53,600 [FATAL] Updater:308 - Updater called before beeing initialized
2024-08-24 09:25:53,786 [ERROR] Updater:1120 - MainUpdater not yet initialized. External WinMGr cannot be set.
2024-08-24 09:25:53,817 [INFO] Updater:1056 - Updater Version found : 6.9.2
2024-08-24 09:25:53,873 [INFO] ApplicationProperties:184 - Using Application install path: C:\ST\STM32CubeIDE_1.13.2\STM32CubeIDE\plugins\com.st.stm32cube.common.mx_6.9.2.202309101412
2024-08-24 09:25:54,773 [INFO] MainUpdater:2868 - connection check result : 10
2024-08-24 09:25:54,774 [INFO] MainUpdater:3562 - Updater definition file requires update
2024-08-24 09:25:54,778 [INFO] MainUpdater:285 - Updater Check For Update Now.
2024-08-24 09:25:54,778 [INFO] MicroXplorer:498 - Change Database Version : DB.6.0.92
2024-08-24 09:25:54,838 [INFO] McuFinderGlobals:63 - Set McuFinder mode to 2 (CubeIDE integrated)
2024-08-24 09:25:54,895 [INFO] ServerAccessManage:473 - Download File updaters.zip
2024-08-24 09:25:55,253 [INFO] FileExtend:240 - Unzip File : updaters.zip
2024-08-24 09:25:55,253 [INFO] FileExtend:255 - Standard Zip Deflate
2024-08-24 09:25:56,338 [WARN] MainUpdater:1189 - Updater busy. Cannot search thirdparties
2024-08-24 09:25:56,340 [INFO] ThirdPartyUpdaterWithRetryManager:96 - Updater plugin is busy. [1/15]
2024-08-24 09:25:56,521 [INFO] ServerAccessManage:473 - Download File PacksControlFlags.xml
2024-08-24 09:25:56,846 [INFO] ServerAccessManage:473 - Download File cubemx.pidx
2024-08-24 09:25:59,340 [WARN] MainUpdater:1189 - Updater busy. Cannot search thirdparties
2024-08-24 09:25:59,341 [INFO] ThirdPartyUpdaterWithRetryManager:96 - Updater plugin is busy. [2/15]
2024-08-24 09:25:59,872 [INFO] ServerAccessManage:473 - Download File STMicroelectronics.X-CUBE-MEMS1.pdsc
2024-08-24 09:26:02,342 [WARN] MainUpdater:1189 - Updater busy. Cannot search thirdparties
2024-08-24 09:26:02,342 [INFO] ThirdPartyUpdaterWithRetryManager:96 - Updater plugin is busy. [3/15]
2024-08-24 09:26:05,138 [INFO] CheckServerUpdateThread:120 - End of CheckServer Thread
2024-08-24 09:26:05,144 [WARN] PackLoader:240 - Cannot read IP mode file for STMicroelectronics.X-CUBE-MEMS1.11.0.0
2024-08-24 09:26:05,618 [INFO] PopulateThirdPartyThread:66 - Ending populate Thread
2024-08-24 09:26:05,620 [INFO] ThirdParty:1030 - CMSIS Pack Vendor :STMicroelectronics X-CUBE-MEMS1 11.0.0
2024-08-24 09:26:05,620 [INFO] LoadServerUpdatesThread:373 - End of LoadServerUpdate Thread
2024-08-24 09:26:06,182 [WARN] PackLoader:240 - Cannot read IP mode file for STMicroelectronics.FP-SNS-MOTENVWB1.1.4.0
2024-08-24 09:26:06,220 [WARN] PackLoader:240 - Cannot read IP mode file for STMicroelectronics.X-CUBE-SMBUS.2.1.0
2024-08-24 09:26:06,256 [WARN] PackLoader:240 - Cannot read IP mode file for STMicroelectronics.X-CUBE-TOUCHGFX.4.23.0
2024-08-24 09:26:06,279 [WARN] PackLoader:240 - Cannot read IP mode file for STMicroelectronics.X-CUBE-TOUCHGFX.4.23.2
2024-08-24 09:26:06,375 [WARN] PackLoader:240 - Cannot read IP mode file for STMicroelectronics.X-CUBE-AZRTOS-F7.1.1.0
2024-08-24 09:26:06,423 [WARN] PackLoader:240 - Cannot read IP mode file for STMicroelectronics.FP-SNS-MOTENV1.4.3.2
2024-08-24 09:26:06,546 [WARN] PackLoader:240 - Cannot read IP mode file for STMicroelectronics.X-CUBE-MEMS1.11.0.0
2024-08-24 09:26:06,933 [WARN] PackLoader:240 - Cannot read IP mode file for STMicroelectronics.FP-SNS-FLIGHT1.5.0.2
2024-08-24 09:26:06,968 [WARN] PackLoader:240 - Cannot read IP mode file for STMicroelectronics.X-CUBE-DISPLAY.3.0.0
2024-08-24 09:26:07,015 [WARN] PackLoader:240 - Cannot read IP mode file for STMicroelectronics.X-CUBE-BLE1.7.0.0
2024-08-24 09:26:07,053 [WARN] PackLoader:240 - Cannot read IP mode file for emotas.I-CUBE-CANOPEN.1.3.0
2024-08-24 09:26:07,085 [WARN] PackLoader:240 - Cannot read IP mode file for STMicroelectronics.X-CUBE-TOUCHGFX.4.22.1
2024-08-24 09:26:07,143 [WARN] PackLoader:240 - Cannot read IP mode file for STMicroelectronics.X-CUBE-BLEMGR.3.1.0
2024-08-24 09:26:07,185 [WARN] PackLoader:240 - Cannot read IP mode file for STMicroelectronics.FP-SNS-SMARTAG2.1.2.0
2024-08-24 09:26:07,246 [INFO] LogOutputStream:77 - [STDOUT_REDIRECT] 1 : Invalid condition id : UX_CORESTACK_Condition cause : null
2024-08-24 09:26:07,248 [INFO] LogOutputStream:77 - [STDOUT_REDIRECT] 1 : Invalid condition id : UX_CORESTACK_Condition cause : null
2024-08-24 09:26:07,252 [INFO] LogOutputStream:77 - [STDOUT_REDIRECT] 1 : Invalid condition id : UX_CORESTACK_Condition cause : null
2024-08-24 09:26:07,257 [INFO] LogOutputStream:77 - [STDOUT_REDIRECT] 1 : Invalid condition id : UX_CORESTACK_Condition cause : null
2024-08-24 09:26:07,263 [INFO] LogOutputStream:77 - [STDOUT_REDIRECT] 1 : Invalid condition id : UX_CORESTACK_Condition cause : null
2024-08-24 09:26:07,273 [WARN] PackLoader:240 - Cannot read IP mode file for STMicroelectronics.X-CUBE-AZRTOS-WL.2.0.0
2024-08-24 09:26:07,311 [WARN] PackLoader:240 - Cannot read IP mode file for STMicroelectronics.FP-SNS-MOTENV1.5.0.0
2024-08-24 09:26:07,331 [WARN] PackLoader:240 - Cannot read IP mode file for wolfSSL.I-CUBE-wolfMQTT.1.19.0
2024-08-24 09:26:07,371 [WARN] PackLoader:240 - Cannot read IP mode file for WES.I-CUBE-Cesium.1.3.0
2024-08-24 09:26:07,409 [WARN] PackLoader:240 - Cannot read IP mode file for STMicroelectronics.X-CUBE-BLE2.3.3.0
2024-08-24 09:26:07,451 [WARN] PackLoader:240 - Cannot read IP mode file for STMicroelectronics.X-CUBE-TCPP.4.1.0
2024-08-24 09:26:07,494 [WARN] PackLoader:240 - Cannot read IP mode file for STMicroelectronics.X-CUBE-ALGOBUILD.1.3.0
2024-08-24 09:26:07,584 [WARN] PackLoader:240 - Cannot read IP mode file for STMicroelectronics.X-CUBE-AZRTOS-G0.1.1.0
2024-08-24 09:26:07,628 [WARN] PackLoader:240 - Cannot read IP mode file for STMicroelectronics.X-CUBE-SAFEA1.1.2.2
2024-08-24 09:26:07,684 [WARN] PackLoader:240 - Cannot read IP mode file for STMicroelectronics.X-CUBE-NFC4.3.0.0
2024-08-24 09:26:07,726 [ERROR] Engine:466 - C:\Users\HP\.stm32cubemx\thirdparties\pdsc\EmbeddedOffice.I-CUBE-FS-RTOS.1.0.1.pdsc: PDSC version is not supported
2024-08-24 09:26:07,768 [WARN] PackLoader:240 - Cannot read IP mode file for STMicroelectronics.X-CUBE-BLEMGR.3.0.0
2024-08-24 09:26:07,801 [ERROR] Engine:466 - C:\Users\HP\.stm32cubemx\thirdparties\pdsc\RealThread.X-CUBE-RT-Thread_Nano.4.1.1.pdsc: PDSC version is not supported
2024-08-24 09:26:07,817 [WARN] PackLoader:240 - Cannot read IP mode file for STMicroelectronics.FP-ATR-SIGFOX1.3.2.0
2024-08-24 09:26:07,875 [WARN] PackLoader:240 - Cannot read IP mode file for STMicroelectronics.X-CUBE-EEPRMA1.5.1.0
2024-08-24 09:26:08,050 [WARN] PackLoader:240 - Cannot read IP mode file for SEGGER.I-CUBE-embOS.1.3.1
2024-08-24 09:26:08,221 [WARN] PackLoader:240 - Cannot read IP mode file for STMicroelectronics.X-CUBE-ALGOBUILD.1.4.0
2024-08-24 09:26:08,274 [WARN] PackLoader:240 - Cannot read IP mode file for STMicroelectronics.X-CUBE-GNSS1.6.0.0
2024-08-24 09:26:08,375 [WARN] PackLoader:240 - Cannot read IP mode file for STMicroelectronics.X-CUBE-AZRTOS-F4.1.1.0
2024-08-24 09:26:08,403 [WARN] PackLoader:240 - Cannot read IP mode file for wolfSSL.I-CUBE-wolfSSL.5.6.3
2024-08-24 09:26:08,427 [WARN] PackLoader:240 - Cannot read IP mode file for STMicroelectronics.X-CUBE-FREERTOS.1.2.0
2024-08-24 09:26:08,483 [WARN] PackLoader:240 - Cannot read IP mode file for STMicroelectronics.X-CUBE-AZRTOS-L5.2.0.0
2024-08-24 09:26:08,519 [WARN] PackLoader:240 - Cannot read IP mode file for STMicroelectronics.X-CUBE-EEPRMA1.4.2.0
2024-08-24 09:26:08,551 [WARN] PackLoader:240 - Cannot read IP mode file for STMicroelectronics.X-CUBE-NFC6.3.1.0
2024-08-24 09:26:08,593 [WARN] PackLoader:240 - Cannot read IP mode file for ITTIA_DB.I-CUBE-ITTIADB.8.8.0
2024-08-24 09:26:08,626 [WARN] PackLoader:240 - Cannot read IP mode file for STMicroelectronics.X-CUBE-BLEMGR.2.0.0
2024-08-24 09:26:08,648 [ERROR] Engine:466 - C:\Users\HP\.stm32cubemx\thirdparties\pdsc\STMicroelectronics.X-CUBE-DPower.1.2.0.pdsc: PDSC version is not supported
2024-08-24 09:26:08,669 [WARN] PackLoader:240 - Cannot read IP mode file for STMicroelectronics.X-CUBE-AI.9.0.0
2024-08-24 09:26:08,736 [WARN] ConditionMgr:438 - getConditionDescription Invalid condition id : UX DEVICE CLASS RTOS Condition cause : null
2024-08-24 09:26:08,736 [WARN] ConditionMgr:438 - getConditionDescription Invalid condition id : UX DEVICE CLASS RTOS Condition cause : null
2024-08-24 09:26:08,744 [WARN] PackLoader:240 - Cannot read IP mode file for STMicroelectronics.X-CUBE-AZRTOS-H7.3.1.0
2024-08-24 09:26:08,746 [WARN] ConditionMgr:1039 - genDependencies : Invalid condition id : UX DEVICE CLASS RTOS Condition cause : null
2024-08-24 09:26:08,747 [WARN] ConditionMgr:1039 - genDependencies : Invalid condition id : UX DEVICE CLASS RTOS Condition cause : null
2024-08-24 09:26:08,748 [WARN] ConditionMgr:1039 - genDependencies : Invalid condition id : UX DEVICE CLASS RTOS Condition cause : null
2024-08-24 09:26:08,749 [WARN] ConditionMgr:1039 - genDependencies : Invalid condition id : UX DEVICE CLASS RTOS Condition cause : null
2024-08-24 09:26:08,749 [WARN] ConditionMgr:1039 - genDependencies : Invalid condition id : UX DEVICE CLASS RTOS Condition cause : null
2024-08-24 09:26:08,779 [WARN] PackLoader:240 - Cannot read IP mode file for STMicroelectronics.X-CUBE-NFC7.1.0.1
2024-08-24 09:26:08,790 [WARN] PackLoader:240 - Cannot read IP mode file for wolfSSL.I-CUBE-wolfTPM.3.2.0
2024-08-24 09:26:08,817 [WARN] PackLoader:240 - Cannot read IP mode file for STMicroelectronics.X-CUBE-NFC6.3.0.0
2024-08-24 09:26:08,840 [WARN] PackLoader:240 - Cannot read IP mode file for STMicroelectronics.X-CUBE-EEPRMA1.4.1.0
2024-08-24 09:26:08,861 [WARN] PackLoader:240 - Cannot read IP mode file for STMicroelectronics.X-CUBE-AI.8.1.0
2024-08-24 09:26:08,941 [WARN] ConditionMgr:438 - getConditionDescription Invalid condition id : LAN8742 Phy interface Condition cause : null
2024-08-24 09:26:08,943 [WARN] PackLoader:240 - Cannot read IP mode file for STMicroelectronics.X-CUBE-AZRTOS-L4.2.0.0
2024-08-24 09:26:08,945 [WARN] ConditionMgr:1039 - genDependencies : Invalid condition id : LAN8742 Phy interface Condition cause : null
2024-08-24 09:26:08,946 [WARN] ConditionMgr:1039 - genDependencies : Invalid condition id : LAN8742 Phy interface Condition cause : null
2024-08-24 09:26:08,947 [WARN] ConditionMgr:1039 - genDependencies : Invalid condition id : LAN8742 Phy interface Condition cause : null
2024-08-24 09:26:08,982 [WARN] PackLoader:240 - Cannot read IP mode file for STMicroelectronics.X-CUBE-SFXS2LP1.4.0.0
2024-08-24 09:26:09,005 [WARN] PackLoader:240 - Cannot read IP mode file for STMicroelectronics.X-CUBE-ISPU.1.1.0
2024-08-24 09:26:09,091 [WARN] PackLoader:240 - Cannot read IP mode file for STMicroelectronics.X-CUBE-AZRTOS-H7.3.3.0
2024-08-24 09:26:09,148 [WARN] ConditionMgr:438 - getConditionDescription Invalid condition id : UX DEVICE CLASS RTOS Condition cause : null
2024-08-24 09:26:09,149 [WARN] ConditionMgr:438 - getConditionDescription Invalid condition id : UX DEVICE CLASS RTOS Condition cause : null
2024-08-24 09:26:09,152 [WARN] PackLoader:240 - Cannot read IP mode file for STMicroelectronics.X-CUBE-AZRTOS-WB.2.0.0
2024-08-24 09:26:09,152 [WARN] ConditionMgr:1039 - genDependencies : Invalid condition id : UX DEVICE CLASS RTOS Condition cause : null
2024-08-24 09:26:09,153 [WARN] ConditionMgr:1039 - genDependencies : Invalid condition id : UX DEVICE CLASS RTOS Condition cause : null
2024-08-24 09:26:09,153 [WARN] ConditionMgr:1039 - genDependencies : Invalid condition id : UX DEVICE CLASS RTOS Condition cause : null
2024-08-24 09:26:09,155 [WARN] ConditionMgr:1039 - genDependencies : Invalid condition id : UX DEVICE CLASS RTOS Condition cause : null
2024-08-24 09:26:09,155 [WARN] ConditionMgr:1039 - genDependencies : Invalid condition id : UX DEVICE CLASS RTOS Condition cause : null
2024-08-24 09:26:09,178 [ERROR] Engine:466 - C:\Users\HP\.stm32cubemx\thirdparties\pdsc\STMicroelectronics.FP-SNS-STBOX1.2.0.0.pdsc: PDSC version is not supported
2024-08-24 09:26:09,216 [WARN] PackLoader:240 - Cannot read IP mode file for STMicroelectronics.X-CUBE-SUBG2.5.0.0
2024-08-24 09:26:09,235 [WARN] PackLoader:240 - Cannot read IP mode file for Cesanta.I-CUBE-Mongoose.7.13.0
2024-08-24 09:26:09,279 [WARN] PackLoader:240 - Cannot read IP mode file for STMicroelectronics.X-CUBE-TOF1.3.3.1
2024-08-24 09:26:09,357 [WARN] PackLoader:240 - Cannot read IP mode file for STMicroelectronics.X-CUBE-AZRTOS-G4.2.0.0
2024-08-24 09:26:09,408 [WARN] PackLoader:240 - Cannot read IP mode file for Infineon.AIROC-Wi-Fi-Bluetooth-STM32.1.5.1
2024-08-24 09:26:09,438 [WARN] PackLoader:240 - Cannot read IP mode file for STMicroelectronics.FP-SNS-MOTENVWB1.1.3.1
2024-08-24 09:26:09,458 [WARN] PackLoader:240 - Cannot read IP mode file for STMicroelectronics.X-CUBE-ISPU.2.0.0
2024-08-24 09:26:09,475 [WARN] PackLoader:240 - Cannot read IP mode file for STMicroelectronics.X-CUBE-ALS.1.0.2
2024-08-24 09:26:09,567 [WARN] PackLoader:240 - Cannot read IP mode file for STMicroelectronics.X-CUBE-MEMS1.10.0.0
2024-08-24 09:26:09,806 [WARN] PackLoader:240 - Cannot read IP mode file for STMicroelectronics.X-CUBE-FREERTOS.1.1.0
2024-08-24 09:26:09,827 [WARN] PackLoader:240 - Cannot read IP mode file for STMicroelectronics.X-CUBE-TOUCHGFX.4.24.0
2024-08-24 09:26:09,850 [WARN] PackLoader:240 - Cannot read IP mode file for portGmbH.I-Cube-SoM-uGOAL.1.1.0
2024-08-24 09:26:09,878 [WARN] PackLoader:240 - Cannot read IP mode file for STMicroelectronics.X-CUBE-ALS.1.0.1
2024-08-24 09:26:09,941 [WARN] PackLoader:240 - Cannot read IP mode file for STMicroelectronics.X-CUBE-AZRTOS-H7RS.1.0.0
2024-08-24 09:26:09,959 [WARN] PackLoader:240 - Cannot read IP mode file for STMicroelectronics.FP-ATR-ASTRA1.2.0.0
2024-08-24 09:26:09,998 [ERROR] Engine:466 - C:\Users\HP\.stm32cubemx\thirdparties\pdsc\STMicroelectronics.X-CUBE-TOF1.3.4.2.pdsc: PDSC version is not supported
2024-08-24 09:26:10,032 [WARN] PackLoader:240 - Cannot read IP mode file for STMicroelectronics.X-CUBE-TOF1.3.4.0
2024-08-24 09:26:10,100 [WARN] PackLoader:240 - Cannot read IP mode file for STMicroelectronics.X-CUBE-TOF1.3.4.1
2024-08-24 09:26:10,185 [WARN] PackLoader:240 - Cannot read IP mode file for STMicroelectronics.X-CUBE-AZRTOS-H7.3.2.0
2024-08-24 09:26:10,200 [WARN] PackLoader:240 - Cannot read IP mode file for wolfSSL.I-CUBE-wolfSSH.1.4.17
2024-08-24 09:26:10,201 [INFO] ThirdParty:978 - Integrity check success = true
2024-08-24 09:26:10,202 [INFO] IntegrityCheckThread:100 - exiting critical section [integrity check]
2024-08-24 09:26:10,202 [INFO] IntegrityCheckThread:103 - End integrity checks thread
2024-08-24 09:26:18,613 [ERROR] LogOutputStream:75 - [STDERR_REDIRECT] SLF4J: Failed to load class "org.slf4j.impl.StaticLoggerBinder".
2024-08-24 09:26:18,614 [ERROR] LogOutputStream:75 - [STDERR_REDIRECT] SLF4J: Defaulting to no-operation (NOP) logger implementation
2024-08-24 09:26:18,624 [ERROR] LogOutputStream:75 - [STDERR_REDIRECT] SLF4J: See http://www.slf4j.org/codes.html#StaticLoggerBinder for further details.
